{
"contracts/ERC721Mock.sol":{"l":{"14":5,"15":5,"16":5,"17":5},"path":"/home/pavan/CrytoCourseProject/v2.0/contracts/ERC721Mock.sol","s":{"1":5,"2":5,"3":5,"4":5},"b":{},"f":{"1":18,"2":5},"fnMap":{"1":{"name":"constructor","line":11,"loc":{"start":{"line":11,"column":4},"end":{"line":11,"column":80}}},"2":{"name":"mint","line":13,"loc":{"start":{"line":13,"column":4},"end":{"line":18,"column":4}}}},"statementMap":{"1":{"start":{"line":14,"column":8},"end":{"line":14,"column":34}},"2":{"start":{"line":15,"column":8},"end":{"line":15,"column":54}},"3":{"start":{"line":16,"column":8},"end":{"line":16,"column":28}},"4":{"start":{"line":17,"column":8},"end":{"line":17,"column":25}}},"branchMap":{}},
"contracts/Lock.sol":{"l":{"14":4,"19":3,"20":3,"27":5,"28":4,"30":3,"32":3},"path":"/home/pavan/CrytoCourseProject/v2.0/contracts/Lock.sol","s":{"1":4,"2":5,"3":4,"4":3,"5":3},"b":{"1":[3,1],"2":[4,1],"3":[3,1]},"f":{"1":4,"2":5},"fnMap":{"1":{"name":"constructor","line":13,"loc":{"start":{"line":13,"column":4},"end":{"line":21,"column":4}}},"2":{"name":"withdraw","line":23,"loc":{"start":{"line":23,"column":4},"end":{"line":33,"column":4}}}},"statementMap":{"1":{"start":{"line":14,"column":8},"end":{"line":14,"column":327}},"2":{"start":{"line":27,"column":8},"end":{"line":27,"column":71}},"3":{"start":{"line":28,"column":8},"end":{"line":28,"column":59}},"4":{"start":{"line":30,"column":8},"end":{"line":30,"column":63}},"5":{"start":{"line":32,"column":8},"end":{"line":32,"column":44}}},"branchMap":{"1":{"line":14,"type":"if","locations":[{"start":{"line":14,"column":8},"end":{"line":14,"column":8}},{"start":{"line":14,"column":8},"end":{"line":14,"column":8}}]},"2":{"line":27,"type":"if","locations":[{"start":{"line":27,"column":8},"end":{"line":27,"column":8}},{"start":{"line":27,"column":8},"end":{"line":27,"column":8}}]},"3":{"line":28,"type":"if","locations":[{"start":{"line":28,"column":8},"end":{"line":28,"column":8}},{"start":{"line":28,"column":8},"end":{"line":28,"column":8}}]}}},
"contracts/NFTDutchAuction.sol":{"l":{"28":18,"29":18,"30":18,"31":18,"32":18,"33":18,"35":18,"36":18,"38":18,"39":18,"40":18,"44":3,"45":3,"47":2,"48":2,"50":2,"54":4,"56":3,"58":1,"59":1},"path":"/home/pavan/CrytoCourseProject/v2.0/contracts/NFTDutchAuction.sol","s":{"1":3,"2":3,"3":2,"4":2,"5":4,"6":3,"7":1},"b":{"1":[3,0],"2":[2,1],"3":[3,1],"4":[1,2]},"f":{"1":18,"2":3,"3":4},"fnMap":{"1":{"name":"constructor","line":21,"loc":{"start":{"line":21,"column":4},"end":{"line":41,"column":4}}},"2":{"name":"bid","line":43,"loc":{"start":{"line":43,"column":5},"end":{"line":51,"column":1}}},"3":{"name":"cancelAuction","line":53,"loc":{"start":{"line":53,"column":4},"end":{"line":60,"column":4}}}},"statementMap":{"1":{"start":{"line":44,"column":5},"end":{"line":44,"column":55}},"2":{"start":{"line":45,"column":5},"end":{"line":45,"column":83}},"3":{"start":{"line":47,"column":5},"end":{"line":47,"column":33}},"4":{"start":{"line":48,"column":5},"end":{"line":48,"column":68}},"5":{"start":{"line":54,"column":8},"end":{"line":54,"column":78}},"6":{"start":{"line":56,"column":8},"end":{"line":56,"column":58}},"7":{"start":{"line":59,"column":8},"end":{"line":59,"column":67}}},"branchMap":{"1":{"line":44,"type":"if","locations":[{"start":{"line":44,"column":5},"end":{"line":44,"column":5}},{"start":{"line":44,"column":5},"end":{"line":44,"column":5}}]},"2":{"line":45,"type":"if","locations":[{"start":{"line":45,"column":5},"end":{"line":45,"column":5}},{"start":{"line":45,"column":5},"end":{"line":45,"column":5}}]},"3":{"line":54,"type":"if","locations":[{"start":{"line":54,"column":8},"end":{"line":54,"column":8}},{"start":{"line":54,"column":8},"end":{"line":54,"column":8}}]},"4":{"line":56,"type":"if","locations":[{"start":{"line":56,"column":8},"end":{"line":56,"column":8}},{"start":{"line":56,"column":8},"end":{"line":56,"column":8}}]}}}}
