{
"contracts/ERC721Mock.sol":{"l":{"14":5,"15":5,"16":5,"17":5},"path":"/home/pavan/CrytoCourseProject/v2.0/contracts/ERC721Mock.sol","s":{"1":5,"2":5,"3":5,"4":5},"b":{},"f":{"1":21,"2":5},"fnMap":{"1":{"name":"constructor","line":11,"loc":{"start":{"line":11,"column":4},"end":{"line":11,"column":80}}},"2":{"name":"mint","line":13,"loc":{"start":{"line":13,"column":4},"end":{"line":18,"column":4}}}},"statementMap":{"1":{"start":{"line":14,"column":8},"end":{"line":14,"column":34}},"2":{"start":{"line":15,"column":8},"end":{"line":15,"column":54}},"3":{"start":{"line":16,"column":8},"end":{"line":16,"column":28}},"4":{"start":{"line":17,"column":8},"end":{"line":17,"column":25}}},"branchMap":{}},
"contracts/Lock.sol":{"l":{"14":4,"19":3,"20":3,"27":5,"28":4,"30":3,"32":3},"path":"/home/pavan/CrytoCourseProject/v2.0/contracts/Lock.sol","s":{"1":4,"2":5,"3":4,"4":3,"5":3},"b":{"1":[3,1],"2":[4,1],"3":[3,1]},"f":{"1":4,"2":5},"fnMap":{"1":{"name":"constructor","line":13,"loc":{"start":{"line":13,"column":4},"end":{"line":21,"column":4}}},"2":{"name":"withdraw","line":23,"loc":{"start":{"line":23,"column":4},"end":{"line":33,"column":4}}}},"statementMap":{"1":{"start":{"line":14,"column":8},"end":{"line":14,"column":327}},"2":{"start":{"line":27,"column":8},"end":{"line":27,"column":71}},"3":{"start":{"line":28,"column":8},"end":{"line":28,"column":59}},"4":{"start":{"line":30,"column":8},"end":{"line":30,"column":63}},"5":{"start":{"line":32,"column":8},"end":{"line":32,"column":44}}},"branchMap":{"1":{"line":14,"type":"if","locations":[{"start":{"line":14,"column":8},"end":{"line":14,"column":8}},{"start":{"line":14,"column":8},"end":{"line":14,"column":8}}]},"2":{"line":27,"type":"if","locations":[{"start":{"line":27,"column":8},"end":{"line":27,"column":8}},{"start":{"line":27,"column":8},"end":{"line":27,"column":8}}]},"3":{"line":28,"type":"if","locations":[{"start":{"line":28,"column":8},"end":{"line":28,"column":8}},{"start":{"line":28,"column":8},"end":{"line":28,"column":8}}]}}},
"contracts/NFTDutchAuction.sol":{"l":{"28":21,"29":21,"30":21,"31":21,"32":21,"33":21,"35":21,"36":21,"38":21,"39":21,"40":21,"44":2,"45":2,"46":1,"48":1,"53":5,"54":4,"55":3,"57":3,"58":3,"60":3,"64":4,"66":3,"68":1,"69":1},"path":"/home/pavan/CrytoCourseProject/v2.0/contracts/NFTDutchAuction.sol","s":{"1":2,"2":2,"3":1,"4":1,"5":5,"6":4,"7":3,"8":3,"9":3,"10":4,"11":3,"12":1},"b":{"1":[1,1],"2":[4,1],"3":[3,1],"4":[3,0],"5":[3,1],"6":[1,2]},"f":{"1":21,"2":2,"3":5,"4":4},"fnMap":{"1":{"name":"constructor","line":21,"loc":{"start":{"line":21,"column":4},"end":{"line":41,"column":4}}},"2":{"name":"getCurrentPrice","line":43,"loc":{"start":{"line":43,"column":4},"end":{"line":50,"column":1}}},"3":{"name":"bid","line":52,"loc":{"start":{"line":52,"column":5},"end":{"line":61,"column":1}}},"4":{"name":"cancelAuction","line":63,"loc":{"start":{"line":63,"column":4},"end":{"line":70,"column":4}}}},"statementMap":{"1":{"start":{"line":44,"column":5},"end":{"line":44,"column":59}},"2":{"start":{"line":45,"column":5},"end":{"line":45,"column":1510}},"3":{"start":{"line":46,"column":2},"end":{"line":46,"column":21}},"4":{"start":{"line":48,"column":2},"end":{"line":48,"column":58}},"5":{"start":{"line":53,"column":5},"end":{"line":53,"column":55}},"6":{"start":{"line":54,"column":8},"end":{"line":54,"column":99}},"7":{"start":{"line":55,"column":5},"end":{"line":55,"column":143}},"8":{"start":{"line":57,"column":5},"end":{"line":57,"column":30}},"9":{"start":{"line":58,"column":5},"end":{"line":58,"column":68}},"10":{"start":{"line":64,"column":8},"end":{"line":64,"column":78}},"11":{"start":{"line":66,"column":8},"end":{"line":66,"column":58}},"12":{"start":{"line":69,"column":8},"end":{"line":69,"column":67}}},"branchMap":{"1":{"line":45,"type":"if","locations":[{"start":{"line":45,"column":5},"end":{"line":45,"column":5}},{"start":{"line":45,"column":5},"end":{"line":45,"column":5}}]},"2":{"line":53,"type":"if","locations":[{"start":{"line":53,"column":5},"end":{"line":53,"column":5}},{"start":{"line":53,"column":5},"end":{"line":53,"column":5}}]},"3":{"line":54,"type":"if","locations":[{"start":{"line":54,"column":8},"end":{"line":54,"column":8}},{"start":{"line":54,"column":8},"end":{"line":54,"column":8}}]},"4":{"line":55,"type":"if","locations":[{"start":{"line":55,"column":5},"end":{"line":55,"column":5}},{"start":{"line":55,"column":5},"end":{"line":55,"column":5}}]},"5":{"line":64,"type":"if","locations":[{"start":{"line":64,"column":8},"end":{"line":64,"column":8}},{"start":{"line":64,"column":8},"end":{"line":64,"column":8}}]},"6":{"line":66,"type":"if","locations":[{"start":{"line":66,"column":8},"end":{"line":66,"column":8}},{"start":{"line":66,"column":8},"end":{"line":66,"column":8}}]}}}}
