TN:
SF:/home/pavan/CrytoCourseProject/v2.0/contracts/ERC721Mock.sol
FN:11,constructor
FN:13,mint
FNF:2
FNH:2
FNDA:21,constructor
FNDA:5,mint
DA:14,5
DA:15,5
DA:16,5
DA:17,5
LF:4
LH:4
BRF:0
BRH:0
end_of_record
TN:
SF:/home/pavan/CrytoCourseProject/v2.0/contracts/Lock.sol
FN:13,constructor
FN:23,withdraw
FNF:2
FNH:2
FNDA:4,constructor
FNDA:5,withdraw
DA:14,4
DA:19,3
DA:20,3
DA:27,5
DA:28,4
DA:30,3
DA:32,3
LF:7
LH:7
BRDA:14,1,0,3
BRDA:14,1,1,1
BRDA:27,2,0,4
BRDA:27,2,1,1
BRDA:28,3,0,3
BRDA:28,3,1,1
BRF:6
BRH:6
end_of_record
TN:
SF:/home/pavan/CrytoCourseProject/v2.0/contracts/NFTDutchAuction.sol
FN:21,constructor
FN:43,getCurrentPrice
FN:52,bid
FN:63,cancelAuction
FNF:4
FNH:4
FNDA:21,constructor
FNDA:2,getCurrentPrice
FNDA:5,bid
FNDA:4,cancelAuction
DA:28,21
DA:29,21
DA:30,21
DA:31,21
DA:32,21
DA:33,21
DA:35,21
DA:36,21
DA:38,21
DA:39,21
DA:40,21
DA:44,2
DA:45,2
DA:46,1
DA:48,1
DA:53,5
DA:54,4
DA:55,3
DA:57,3
DA:58,3
DA:60,3
DA:64,4
DA:66,3
DA:68,1
DA:69,1
LF:25
LH:25
BRDA:45,1,0,1
BRDA:45,1,1,1
BRDA:53,2,0,4
BRDA:53,2,1,1
BRDA:54,3,0,3
BRDA:54,3,1,1
BRDA:55,4,0,3
BRDA:55,4,1,0
BRDA:64,5,0,3
BRDA:64,5,1,1
BRDA:66,6,0,1
BRDA:66,6,1,2
BRF:12
BRH:11
end_of_record
