TN:
SF:/home/pavan/CrytoCourseProject/v2.0/contracts/ERC721Mock.sol
FN:11,constructor
FN:13,mint
FNF:2
FNH:2
FNDA:18,constructor
FNDA:5,mint
DA:14,5
DA:15,5
DA:16,5
DA:17,5
LF:4
LH:4
BRF:0
BRH:0
end_of_record
TN:
SF:/home/pavan/CrytoCourseProject/v2.0/contracts/Lock.sol
FN:13,constructor
FN:23,withdraw
FNF:2
FNH:2
FNDA:4,constructor
FNDA:5,withdraw
DA:14,4
DA:19,3
DA:20,3
DA:27,5
DA:28,4
DA:30,3
DA:32,3
LF:7
LH:7
BRDA:14,1,0,3
BRDA:14,1,1,1
BRDA:27,2,0,4
BRDA:27,2,1,1
BRDA:28,3,0,3
BRDA:28,3,1,1
BRF:6
BRH:6
end_of_record
TN:
SF:/home/pavan/CrytoCourseProject/v2.0/contracts/NFTDutchAuction.sol
FN:21,constructor
FN:43,bid
FN:53,cancelAuction
FNF:3
FNH:3
FNDA:18,constructor
FNDA:3,bid
FNDA:4,cancelAuction
DA:28,18
DA:29,18
DA:30,18
DA:31,18
DA:32,18
DA:33,18
DA:35,18
DA:36,18
DA:38,18
DA:39,18
DA:40,18
DA:44,3
DA:45,3
DA:47,2
DA:48,2
DA:50,2
DA:54,4
DA:56,3
DA:58,1
DA:59,1
LF:20
LH:20
BRDA:44,1,0,3
BRDA:44,1,1,0
BRDA:45,2,0,2
BRDA:45,2,1,1
BRDA:54,3,0,3
BRDA:54,3,1,1
BRDA:56,4,0,1
BRDA:56,4,1,2
BRF:8
BRH:7
end_of_record
